Mar-25 14:38:31.802 [main] DEBUG nextflow.cli.Launcher - $> nextflow run main.nf
Mar-25 14:38:31.921 [main] INFO  nextflow.cli.CmdRun - N E X T F L O W  ~  version 20.10.0
Mar-25 14:38:31.943 [main] INFO  nextflow.cli.CmdRun - Launching `main.nf` [disturbed_marconi] - revision: 117951863b
Mar-25 14:38:31.982 [main] DEBUG nextflow.config.ConfigBuilder - Found config local: /Users/Kurtisc/Downloads/CURRENT/Virus_Genome_Mapping_Pipeline/Virus_Genome_Mapping_Pipeline/nextflow.config
Mar-25 14:38:31.984 [main] DEBUG nextflow.config.ConfigBuilder - Parsing config file: /Users/Kurtisc/Downloads/CURRENT/Virus_Genome_Mapping_Pipeline/Virus_Genome_Mapping_Pipeline/nextflow.config
Mar-25 14:38:32.012 [main] DEBUG nextflow.config.ConfigBuilder - Applying config profile: `standard`
Mar-25 14:38:32.416 [main] ERROR nextflow.cli.Launcher - Unable to parse config file: '/Users/Kurtisc/Downloads/CURRENT/Virus_Genome_Mapping_Pipeline/Virus_Genome_Mapping_Pipeline/nextflow.config'

  Compile failed for sources FixedSetSources[name='/groovy/script/ScriptE0A1278113E5C140FA3281FB4D9B75BE/_nf_config_82c6563e']. Cause: org.codehaus.groovy.control.MultipleCompilationErrorsException: startup failed:
  /groovy/script/ScriptE0A1278113E5C140FA3281FB4D9B75BE/_nf_config_82c6563e: 21: Unexpected input: '{\n  pipeline_version = '1.0'\n  nextflow_version = '20.10.0'\n  reads="$baseDir/fastq/*.fastq.gz"\n  outdir='output_results'\n\n}\n\n\n}' @ line 21, column 1.
     }
     ^
  
  1 error

ch.grengine.except.CompileException: Compile failed for sources FixedSetSources[name='/groovy/script/ScriptE0A1278113E5C140FA3281FB4D9B75BE/_nf_config_82c6563e']. Cause: org.codehaus.groovy.control.MultipleCompilationErrorsException: startup failed:
/groovy/script/ScriptE0A1278113E5C140FA3281FB4D9B75BE/_nf_config_82c6563e: 21: Unexpected input: '{\n  pipeline_version = '1.0'\n  nextflow_version = '20.10.0'\n  reads="$baseDir/fastq/*.fastq.gz"\n  outdir='output_results'\n\n}\n\n\n}' @ line 21, column 1.
   }
   ^

1 error

	at ch.grengine.code.groovy.DefaultGroovyCompiler.compile(DefaultGroovyCompiler.java:278)
	at ch.grengine.load.DefaultTopCodeCache.getUpToDateCode(DefaultTopCodeCache.java:79)
	at ch.grengine.load.LayeredClassLoader.loadMainClass(LayeredClassLoader.java:179)
	at ch.grengine.engine.LayeredEngine.loadMainClass(LayeredEngine.java:199)
	at ch.grengine.Grengine.loadMainClass(Grengine.java:692)
	at ch.grengine.BaseGrengine.load(BaseGrengine.java:538)
	at ch.grengine.BaseGrengine.load(BaseGrengine.java:420)
	at ch.grengine.BaseGrengine$load.call(Unknown Source)
	at org.codehaus.groovy.runtime.callsite.CallSiteArray.defaultCall(CallSiteArray.java:47)
	at org.codehaus.groovy.runtime.callsite.AbstractCallSite.call(AbstractCallSite.java:125)
	at org.codehaus.groovy.runtime.callsite.AbstractCallSite.call(AbstractCallSite.java:148)
	at nextflow.config.ConfigParser.loadScript(ConfigParser.groovy:219)
	at java.base/jdk.internal.reflect.NativeMethodAccessorImpl.invoke0(Native Method)
	at java.base/jdk.internal.reflect.NativeMethodAccessorImpl.invoke(NativeMethodAccessorImpl.java:62)
	at java.base/jdk.internal.reflect.DelegatingMethodAccessorImpl.invoke(DelegatingMethodAccessorImpl.java:43)
	at java.base/java.lang.reflect.Method.invoke(Method.java:566)
	at org.codehaus.groovy.runtime.callsite.PlainObjectMetaMethodSite.doInvoke(PlainObjectMetaMethodSite.java:43)
	at org.codehaus.groovy.runtime.callsite.PogoMetaMethodSite$PogoCachedMethodSiteNoUnwrapNoCoerce.invoke(PogoMetaMethodSite.java:193)
	at org.codehaus.groovy.runtime.callsite.PogoMetaMethodSite.callCurrent(PogoMetaMethodSite.java:61)
	at org.codehaus.groovy.runtime.callsite.CallSiteArray.defaultCallCurrent(CallSiteArray.java:51)
	at org.codehaus.groovy.runtime.callsite.AbstractCallSite.callCurrent(AbstractCallSite.java:171)
	at org.codehaus.groovy.runtime.callsite.AbstractCallSite.callCurrent(AbstractCallSite.java:185)
	at nextflow.config.ConfigParser.parse(ConfigParser.groovy:300)
	at nextflow.config.ConfigParser$parse$2.call(Unknown Source)
	at org.codehaus.groovy.runtime.callsite.CallSiteArray.defaultCall(CallSiteArray.java:47)
	at org.codehaus.groovy.runtime.callsite.AbstractCallSite.call(AbstractCallSite.java:125)
	at org.codehaus.groovy.runtime.callsite.AbstractCallSite.call(AbstractCallSite.java:139)
	at nextflow.config.ConfigBuilder.parse0(ConfigBuilder.groovy:411)
	at java.base/jdk.internal.reflect.NativeMethodAccessorImpl.invoke0(Native Method)
	at java.base/jdk.internal.reflect.NativeMethodAccessorImpl.invoke(NativeMethodAccessorImpl.java:62)
	at java.base/jdk.internal.reflect.DelegatingMethodAccessorImpl.invoke(DelegatingMethodAccessorImpl.java:43)
	at java.base/java.lang.reflect.Method.invoke(Method.java:566)
	at org.codehaus.groovy.runtime.callsite.PlainObjectMetaMethodSite.doInvoke(PlainObjectMetaMethodSite.java:43)
	at org.codehaus.groovy.runtime.callsite.PogoMetaMethodSite$PogoCachedMethodSiteNoUnwrapNoCoerce.invoke(PogoMetaMethodSite.java:193)
	at org.codehaus.groovy.runtime.callsite.PogoMetaMethodSite.callCurrent(PogoMetaMethodSite.java:61)
	at org.codehaus.groovy.runtime.callsite.CallSiteArray.defaultCallCurrent(CallSiteArray.java:51)
	at org.codehaus.groovy.runtime.callsite.AbstractCallSite.callCurrent(AbstractCallSite.java:171)
	at org.codehaus.groovy.runtime.callsite.AbstractCallSite.callCurrent(AbstractCallSite.java:194)
	at nextflow.config.ConfigBuilder.merge0(ConfigBuilder.groovy:397)
	at java.base/jdk.internal.reflect.NativeMethodAccessorImpl.invoke0(Native Method)
	at java.base/jdk.internal.reflect.NativeMethodAccessorImpl.invoke(NativeMethodAccessorImpl.java:62)
	at java.base/jdk.internal.reflect.DelegatingMethodAccessorImpl.invoke(DelegatingMethodAccessorImpl.java:43)
	at java.base/java.lang.reflect.Method.invoke(Method.java:566)
	at org.codehaus.groovy.runtime.callsite.PlainObjectMetaMethodSite.doInvoke(PlainObjectMetaMethodSite.java:43)
	at org.codehaus.groovy.runtime.callsite.PogoMetaMethodSite$PogoCachedMethodSiteNoUnwrapNoCoerce.invoke(PogoMetaMethodSite.java:193)
	at org.codehaus.groovy.runtime.callsite.PogoMetaMethodSite.callCurrent(PogoMetaMethodSite.java:61)
	at org.codehaus.groovy.runtime.callsite.CallSiteArray.defaultCallCurrent(CallSiteArray.java:51)
	at org.codehaus.groovy.runtime.callsite.AbstractCallSite.callCurrent(AbstractCallSite.java:171)
	at org.codehaus.groovy.runtime.callsite.AbstractCallSite.callCurrent(AbstractCallSite.java:203)
	at nextflow.config.ConfigBuilder.buildConfig0(ConfigBuilder.groovy:347)
	at java.base/jdk.internal.reflect.NativeMethodAccessorImpl.invoke0(Native Method)
	at java.base/jdk.internal.reflect.NativeMethodAccessorImpl.invoke(NativeMethodAccessorImpl.java:62)
	at java.base/jdk.internal.reflect.DelegatingMethodAccessorImpl.invoke(DelegatingMethodAccessorImpl.java:43)
	at java.base/java.lang.reflect.Method.invoke(Method.java:566)
	at org.codehaus.groovy.runtime.callsite.PlainObjectMetaMethodSite.doInvoke(PlainObjectMetaMethodSite.java:43)
	at org.codehaus.groovy.runtime.callsite.PogoMetaMethodSite$PogoCachedMethodSiteNoUnwrapNoCoerce.invoke(PogoMetaMethodSite.java:193)
	at org.codehaus.groovy.runtime.callsite.PogoMetaMethodSite.callCurrent(PogoMetaMethodSite.java:61)
	at org.codehaus.groovy.runtime.callsite.CallSiteArray.defaultCallCurrent(CallSiteArray.java:51)
	at org.codehaus.groovy.runtime.callsite.AbstractCallSite.callCurrent(AbstractCallSite.java:171)
	at org.codehaus.groovy.runtime.callsite.AbstractCallSite.callCurrent(AbstractCallSite.java:194)
	at nextflow.config.ConfigBuilder.buildGivenFiles(ConfigBuilder.groovy:311)
	at java.base/jdk.internal.reflect.NativeMethodAccessorImpl.invoke0(Native Method)
	at java.base/jdk.internal.reflect.NativeMethodAccessorImpl.invoke(NativeMethodAccessorImpl.java:62)
	at java.base/jdk.internal.reflect.DelegatingMethodAccessorImpl.invoke(DelegatingMethodAccessorImpl.java:43)
	at java.base/java.lang.reflect.Method.invoke(Method.java:566)
	at org.codehaus.groovy.runtime.callsite.PlainObjectMetaMethodSite.doInvoke(PlainObjectMetaMethodSite.java:43)
	at org.codehaus.groovy.runtime.callsite.PogoMetaMethodSite$PogoCachedMethodSiteNoUnwrapNoCoerce.invoke(PogoMetaMethodSite.java:193)
	at org.codehaus.groovy.runtime.callsite.PogoMetaMethodSite.callCurrent(PogoMetaMethodSite.java:61)
	at org.codehaus.groovy.runtime.callsite.CallSiteArray.defaultCallCurrent(CallSiteArray.java:51)
	at org.codehaus.groovy.runtime.callsite.AbstractCallSite.callCurrent(AbstractCallSite.java:171)
	at org.codehaus.groovy.runtime.callsite.AbstractCallSite.callCurrent(AbstractCallSite.java:185)
	at nextflow.config.ConfigBuilder.buildConfigObject(ConfigBuilder.groovy:715)
	at nextflow.config.ConfigBuilder.build(ConfigBuilder.groovy:728)
	at nextflow.script.ScriptRunner.<init>(ScriptRunner.groovy:85)
	at nextflow.cli.CmdRun.run(CmdRun.groovy:258)
	at nextflow.cli.Launcher.run(Launcher.groovy:466)
	at nextflow.cli.Launcher.main(Launcher.groovy:648)
Caused by: org.codehaus.groovy.control.MultipleCompilationErrorsException: startup failed:
/groovy/script/ScriptE0A1278113E5C140FA3281FB4D9B75BE/_nf_config_82c6563e: 21: Unexpected input: '{\n  pipeline_version = '1.0'\n  nextflow_version = '20.10.0'\n  reads="$baseDir/fastq/*.fastq.gz"\n  outdir='output_results'\n\n}\n\n\n}' @ line 21, column 1.
   }
   ^

1 error

	at org.codehaus.groovy.control.ErrorCollector.failIfErrors(ErrorCollector.java:295)
	at org.codehaus.groovy.control.ErrorCollector.addFatalError(ErrorCollector.java:151)
	at org.apache.groovy.parser.antlr4.AstBuilder.collectSyntaxError(AstBuilder.java:4602)
	at org.apache.groovy.parser.antlr4.AstBuilder.access$000(AstBuilder.java:341)
	at org.apache.groovy.parser.antlr4.AstBuilder$1.syntaxError(AstBuilder.java:4617)
	at groovyjarjarantlr4.v4.runtime.ProxyErrorListener.syntaxError(ProxyErrorListener.java:44)
	at groovyjarjarantlr4.v4.runtime.Parser.notifyErrorListeners(Parser.java:543)
	at groovyjarjarantlr4.v4.runtime.DefaultErrorStrategy.notifyErrorListeners(DefaultErrorStrategy.java:154)
	at org.apache.groovy.parser.antlr4.internal.DescriptiveErrorStrategy.reportNoViableAlternative(DescriptiveErrorStrategy.java:92)
	at groovyjarjarantlr4.v4.runtime.DefaultErrorStrategy.reportError(DefaultErrorStrategy.java:139)
	at org.apache.groovy.parser.antlr4.GroovyParser.pathExpression(GroovyParser.java:9498)
	at org.apache.groovy.parser.antlr4.GroovyParser.postfixExpression(GroovyParser.java:8106)
	at org.apache.groovy.parser.antlr4.GroovyParser.expression(GroovyParser.java:8648)
	at org.apache.groovy.parser.antlr4.GroovyParser.commandExpression(GroovyParser.java:9297)
	at org.apache.groovy.parser.antlr4.GroovyParser.statementExpression(GroovyParser.java:8065)
	at org.apache.groovy.parser.antlr4.GroovyParser.statement(GroovyParser.java:6913)
	at org.apache.groovy.parser.antlr4.GroovyParser.scriptStatement(GroovyParser.java:514)
	at org.apache.groovy.parser.antlr4.GroovyParser.scriptStatements(GroovyParser.java:421)
	at org.apache.groovy.parser.antlr4.GroovyParser.compilationUnit(GroovyParser.java:357)
	at org.apache.groovy.parser.antlr4.AstBuilder.buildCST(AstBuilder.java:405)
	at org.apache.groovy.parser.antlr4.AstBuilder.buildCST(AstBuilder.java:384)
	at org.apache.groovy.parser.antlr4.AstBuilder.buildAST(AstBuilder.java:424)
	at org.apache.groovy.parser.antlr4.Antlr4ParserPlugin.buildAST(Antlr4ParserPlugin.java:58)
	at org.codehaus.groovy.control.SourceUnit.buildAST(SourceUnit.java:257)
	at java.base/java.util.Iterator.forEachRemaining(Iterator.java:133)
	at java.base/java.util.Spliterators$IteratorSpliterator.forEachRemaining(Spliterators.java:1801)
	at java.base/java.util.stream.ReferencePipeline$Head.forEach(ReferencePipeline.java:658)
	at org.codehaus.groovy.control.CompilationUnit.buildASTs(CompilationUnit.java:666)
	at org.codehaus.groovy.control.CompilationUnit.compile(CompilationUnit.java:632)
	at ch.grengine.code.groovy.DefaultGroovyCompiler.compile(DefaultGroovyCompiler.java:241)
	... 76 common frames omitted
